  lab 6.11.cpp
C:\АП\Лаби АП\lab 6.1 rec\lab 6.11.cpp(26,17): warning C4566: character represented by universal-character-name '\u0415' cannot be represented in the current code page (1252)
C:\АП\Лаби АП\lab 6.1 rec\lab 6.11.cpp(26,17): warning C4566: character represented by universal-character-name '\u043B' cannot be represented in the current code page (1252)
C:\АП\Лаби АП\lab 6.1 rec\lab 6.11.cpp(26,17): warning C4566: character represented by universal-character-name '\u0435' cannot be represented in the current code page (1252)
C:\АП\Лаби АП\lab 6.1 rec\lab 6.11.cpp(26,17): warning C4566: character represented by universal-character-name '\u043C' cannot be represented in the current code page (1252)
C:\АП\Лаби АП\lab 6.1 rec\lab 6.11.cpp(26,17): warning C4566: character represented by universal-character-name '\u043D' cannot be represented in the current code page (1252)
C:\АП\Лаби АП\lab 6.1 rec\lab 6.11.cpp(26,17): warning C4566: character represented by universal-character-name '\u0442' cannot be represented in the current code page (1252)
C:\АП\Лаби АП\lab 6.1 rec\lab 6.11.cpp(26,17): warning C4566: character represented by universal-character-name '\u0438' cannot be represented in the current code page (1252)
C:\АП\Лаби АП\lab 6.1 rec\lab 6.11.cpp(26,17): warning C4566: character represented by universal-character-name '\u0449' cannot be represented in the current code page (1252)
C:\АП\Лаби АП\lab 6.1 rec\lab 6.11.cpp(26,17): warning C4566: character represented by universal-character-name '\u043E' cannot be represented in the current code page (1252)
C:\АП\Лаби АП\lab 6.1 rec\lab 6.11.cpp(26,17): warning C4566: character represented by universal-character-name '\u0437' cannot be represented in the current code page (1252)
C:\АП\Лаби АП\lab 6.1 rec\lab 6.11.cpp(26,17): warning C4566: character represented by universal-character-name '\u0430' cannot be represented in the current code page (1252)
C:\АП\Лаби АП\lab 6.1 rec\lab 6.11.cpp(26,17): warning C4566: character represented by universal-character-name '\u0434' cannot be represented in the current code page (1252)
C:\АП\Лаби АП\lab 6.1 rec\lab 6.11.cpp(26,17): warning C4566: character represented by universal-character-name '\u0432' cannot be represented in the current code page (1252)
C:\АП\Лаби АП\lab 6.1 rec\lab 6.11.cpp(26,17): warning C4566: character represented by universal-character-name '\u044C' cannot be represented in the current code page (1252)
C:\АП\Лаби АП\lab 6.1 rec\lab 6.11.cpp(26,17): warning C4566: character represented by universal-character-name '\u044F' cannot be represented in the current code page (1252)
C:\АП\Лаби АП\lab 6.1 rec\lab 6.11.cpp(26,17): warning C4566: character represented by universal-character-name '\u044E' cannot be represented in the current code page (1252)
C:\АП\Лаби АП\lab 6.1 rec\lab 6.11.cpp(26,17): warning C4566: character represented by universal-character-name '\u043A' cannot be represented in the current code page (1252)
C:\АП\Лаби АП\lab 6.1 rec\lab 6.11.cpp(26,17): warning C4566: character represented by universal-character-name '\u0440' cannot be represented in the current code page (1252)
C:\АП\Лаби АП\lab 6.1 rec\lab 6.11.cpp(26,17): warning C4566: character represented by universal-character-name '\u0456' cannot be represented in the current code page (1252)
C:\АП\Лаби АП\lab 6.1 rec\lab 6.11.cpp(26,17): warning C4566: character represented by universal-character-name '\u0431' cannot be represented in the current code page (1252)
C:\АП\Лаби АП\lab 6.1 rec\lab 6.11.cpp(26,17): warning C4566: character represented by universal-character-name '\u043F' cannot be represented in the current code page (1252)
C:\АП\Лаби АП\lab 6.1 rec\lab 6.11.cpp(26,17): warning C4566: character represented by universal-character-name '\u0441' cannot be represented in the current code page (1252)
  lab 6.1 rec.vcxproj -> C:\АП\Лаби АП\lab 6.1 rec\x64\Debug\lab 6.1 rec.exe
